<?xml version="1.0" encoding="UTF-8"?>
<testsuite xmlns:xsi="http://www.w3.org/2001/XMLSchema-instance" xsi:noNamespaceSchemaLocation="https://maven.apache.org/surefire/maven-surefire-plugin/xsd/surefire-test-report.xsd" name="edu.rmit.cosc2367.s3846487.assign2TestBuild.AppTest" time="0.141" tests="1" errors="0" skipped="0" failures="0">
  <properties>
    <property name="gopherProxySet" value="false"/>
    <property name="awt.toolkit" value="sun.lwawt.macosx.LWCToolkit"/>
    <property name="file.encoding.pkg" value="sun.io"/>
    <property name="java.specification.version" value="1.8"/>
    <property name="sun.cpu.isalist" value=""/>
    <property name="sun.jnu.encoding" value="UTF-8"/>
    <property name="java.class.path" value="/Users/stephaniechoo/Documents/BigData2021/Task3Test/target/test-classes:/Users/stephaniechoo/Documents/BigData2021/Task3Test/target/classes:/Users/stephaniechoo/.m2/repository/junit/junit/4.11/junit-4.11.jar:/Users/stephaniechoo/.m2/repository/org/hamcrest/hamcrest-core/1.3/hamcrest-core-1.3.jar:/Users/stephaniechoo/.m2/repository/org/apache/hadoop/hadoop-mapreduce-client-core/3.2.1/hadoop-mapreduce-client-core-3.2.1.jar:/Users/stephaniechoo/.m2/repository/org/apache/hadoop/hadoop-yarn-client/3.2.1/hadoop-yarn-client-3.2.1.jar:/Users/stephaniechoo/.m2/repository/commons-logging/commons-logging/1.1.3/commons-logging-1.1.3.jar:/Users/stephaniechoo/.m2/repository/org/apache/hadoop/hadoop-yarn-api/3.2.1/hadoop-yarn-api-3.2.1.jar:/Users/stephaniechoo/.m2/repository/org/apache/hadoop/hadoop-yarn-common/3.2.1/hadoop-yarn-common-3.2.1.jar:/Users/stephaniechoo/.m2/repository/org/apache/hadoop/hadoop-auth/3.2.1/hadoop-auth-3.2.1.jar:/Users/stephaniechoo/.m2/repository/org/apache/httpcomponents/httpclient/4.5.6/httpclient-4.5.6.jar:/Users/stephaniechoo/.m2/repository/org/apache/httpcomponents/httpcore/4.4.10/httpcore-4.4.10.jar:/Users/stephaniechoo/.m2/repository/com/nimbusds/nimbus-jose-jwt/4.41.1/nimbus-jose-jwt-4.41.1.jar:/Users/stephaniechoo/.m2/repository/com/github/stephenc/jcip/jcip-annotations/1.0-1/jcip-annotations-1.0-1.jar:/Users/stephaniechoo/.m2/repository/net/minidev/json-smart/2.3/json-smart-2.3.jar:/Users/stephaniechoo/.m2/repository/net/minidev/accessors-smart/1.2/accessors-smart-1.2.jar:/Users/stephaniechoo/.m2/repository/org/ow2/asm/asm/5.0.4/asm-5.0.4.jar:/Users/stephaniechoo/.m2/repository/org/apache/zookeeper/zookeeper/3.4.13/zookeeper-3.4.13.jar:/Users/stephaniechoo/.m2/repository/org/apache/yetus/audience-annotations/0.5.0/audience-annotations-0.5.0.jar:/Users/stephaniechoo/.m2/repository/org/apache/curator/curator-framework/2.13.0/curator-framework-2.13.0.jar:/Users/stephaniechoo/.m2/repository/org/apache/curator/curator-client/2.13.0/curator-client-2.13.0.jar:/Users/stephaniechoo/.m2/repository/org/apache/kerby/kerb-simplekdc/1.0.1/kerb-simplekdc-1.0.1.jar:/Users/stephaniechoo/.m2/repository/org/apache/kerby/kerb-client/1.0.1/kerb-client-1.0.1.jar:/Users/stephaniechoo/.m2/repository/org/apache/kerby/kerby-config/1.0.1/kerby-config-1.0.1.jar:/Users/stephaniechoo/.m2/repository/org/apache/kerby/kerb-core/1.0.1/kerb-core-1.0.1.jar:/Users/stephaniechoo/.m2/repository/org/apache/kerby/kerby-pkix/1.0.1/kerby-pkix-1.0.1.jar:/Users/stephaniechoo/.m2/repository/org/apache/kerby/kerby-asn1/1.0.1/kerby-asn1-1.0.1.jar:/Users/stephaniechoo/.m2/repository/org/apache/kerby/kerby-util/1.0.1/kerby-util-1.0.1.jar:/Users/stephaniechoo/.m2/repository/org/apache/kerby/kerb-common/1.0.1/kerb-common-1.0.1.jar:/Users/stephaniechoo/.m2/repository/org/apache/kerby/kerb-crypto/1.0.1/kerb-crypto-1.0.1.jar:/Users/stephaniechoo/.m2/repository/org/apache/kerby/kerb-util/1.0.1/kerb-util-1.0.1.jar:/Users/stephaniechoo/.m2/repository/org/apache/kerby/token-provider/1.0.1/token-provider-1.0.1.jar:/Users/stephaniechoo/.m2/repository/org/apache/kerby/kerb-admin/1.0.1/kerb-admin-1.0.1.jar:/Users/stephaniechoo/.m2/repository/org/apache/kerby/kerb-server/1.0.1/kerb-server-1.0.1.jar:/Users/stephaniechoo/.m2/repository/org/apache/kerby/kerb-identity/1.0.1/kerb-identity-1.0.1.jar:/Users/stephaniechoo/.m2/repository/org/apache/kerby/kerby-xdr/1.0.1/kerby-xdr-1.0.1.jar:/Users/stephaniechoo/.m2/repository/javax/xml/bind/jaxb-api/2.2.11/jaxb-api-2.2.11.jar:/Users/stephaniechoo/.m2/repository/org/apache/commons/commons-compress/1.18/commons-compress-1.18.jar:/Users/stephaniechoo/.m2/repository/javax/servlet/javax.servlet-api/3.1.0/javax.servlet-api-3.1.0.jar:/Users/stephaniechoo/.m2/repository/org/eclipse/jetty/jetty-util/9.3.24.v20180605/jetty-util-9.3.24.v20180605.jar:/Users/stephaniechoo/.m2/repository/com/sun/jersey/jersey-client/1.19/jersey-client-1.19.jar:/Users/stephaniechoo/.m2/repository/com/google/inject/guice/4.0/guice-4.0.jar:/Users/stephaniechoo/.m2/repository/javax/inject/javax.inject/1/javax.inject-1.jar:/Users/stephaniechoo/.m2/repository/aopalliance/aopalliance/1.0/aopalliance-1.0.jar:/Users/stephaniechoo/.m2/repository/com/sun/jersey/contribs/jersey-guice/1.19/jersey-guice-1.19.jar:/Users/stephaniechoo/.m2/repository/com/sun/jersey/jersey-servlet/1.19/jersey-servlet-1.19.jar:/Users/stephaniechoo/.m2/repository/com/fasterxml/jackson/core/jackson-core/2.9.8/jackson-core-2.9.8.jar:/Users/stephaniechoo/.m2/repository/com/fasterxml/jackson/module/jackson-module-jaxb-annotations/2.9.8/jackson-module-jaxb-annotations-2.9.8.jar:/Users/stephaniechoo/.m2/repository/com/fasterxml/jackson/jaxrs/jackson-jaxrs-json-provider/2.9.8/jackson-jaxrs-json-provider-2.9.8.jar:/Users/stephaniechoo/.m2/repository/com/fasterxml/jackson/jaxrs/jackson-jaxrs-base/2.9.8/jackson-jaxrs-base-2.9.8.jar:/Users/stephaniechoo/.m2/repository/org/apache/hadoop/hadoop-hdfs-client/3.2.1/hadoop-hdfs-client-3.2.1.jar:/Users/stephaniechoo/.m2/repository/com/squareup/okhttp/okhttp/2.7.5/okhttp-2.7.5.jar:/Users/stephaniechoo/.m2/repository/com/squareup/okio/okio/1.6.0/okio-1.6.0.jar:/Users/stephaniechoo/.m2/repository/com/fasterxml/jackson/core/jackson-annotations/2.9.8/jackson-annotations-2.9.8.jar:/Users/stephaniechoo/.m2/repository/com/fasterxml/jackson/core/jackson-databind/2.9.8/jackson-databind-2.9.8.jar:/Users/stephaniechoo/.m2/repository/com/google/protobuf/protobuf-java/2.5.0/protobuf-java-2.5.0.jar:/Users/stephaniechoo/.m2/repository/org/apache/avro/avro/1.7.7/avro-1.7.7.jar:/Users/stephaniechoo/.m2/repository/org/codehaus/jackson/jackson-core-asl/1.9.13/jackson-core-asl-1.9.13.jar:/Users/stephaniechoo/.m2/repository/com/thoughtworks/paranamer/paranamer/2.3/paranamer-2.3.jar:/Users/stephaniechoo/.m2/repository/org/xerial/snappy/snappy-java/1.0.5/snappy-java-1.0.5.jar:/Users/stephaniechoo/.m2/repository/org/slf4j/slf4j-api/1.7.25/slf4j-api-1.7.25.jar:/Users/stephaniechoo/.m2/repository/org/slf4j/slf4j-log4j12/1.7.25/slf4j-log4j12-1.7.25.jar:/Users/stephaniechoo/.m2/repository/org/apache/hadoop/hadoop-annotations/3.2.1/hadoop-annotations-3.2.1.jar:/Library/Java/JavaVirtualMachines/jdk1.8.0_251.jdk/Contents/Home/jre/../lib/tools.jar:/Users/stephaniechoo/.m2/repository/com/google/inject/extensions/guice-servlet/4.0/guice-servlet-4.0.jar:/Users/stephaniechoo/.m2/repository/io/netty/netty/3.10.5.Final/netty-3.10.5.Final.jar:/Users/stephaniechoo/.m2/repository/org/apache/hadoop/hadoop-core/1.2.1/hadoop-core-1.2.1.jar:/Users/stephaniechoo/.m2/repository/commons-cli/commons-cli/1.2/commons-cli-1.2.jar:/Users/stephaniechoo/.m2/repository/xmlenc/xmlenc/0.52/xmlenc-0.52.jar:/Users/stephaniechoo/.m2/repository/com/sun/jersey/jersey-core/1.8/jersey-core-1.8.jar:/Users/stephaniechoo/.m2/repository/com/sun/jersey/jersey-json/1.8/jersey-json-1.8.jar:/Users/stephaniechoo/.m2/repository/org/codehaus/jettison/jettison/1.1/jettison-1.1.jar:/Users/stephaniechoo/.m2/repository/stax/stax-api/1.0.1/stax-api-1.0.1.jar:/Users/stephaniechoo/.m2/repository/com/sun/xml/bind/jaxb-impl/2.2.3-1/jaxb-impl-2.2.3-1.jar:/Users/stephaniechoo/.m2/repository/org/codehaus/jackson/jackson-jaxrs/1.7.1/jackson-jaxrs-1.7.1.jar:/Users/stephaniechoo/.m2/repository/org/codehaus/jackson/jackson-xc/1.7.1/jackson-xc-1.7.1.jar:/Users/stephaniechoo/.m2/repository/com/sun/jersey/jersey-server/1.8/jersey-server-1.8.jar:/Users/stephaniechoo/.m2/repository/asm/asm/3.1/asm-3.1.jar:/Users/stephaniechoo/.m2/repository/commons-io/commons-io/2.1/commons-io-2.1.jar:/Users/stephaniechoo/.m2/repository/commons-httpclient/commons-httpclient/3.0.1/commons-httpclient-3.0.1.jar:/Users/stephaniechoo/.m2/repository/commons-codec/commons-codec/1.4/commons-codec-1.4.jar:/Users/stephaniechoo/.m2/repository/org/apache/commons/commons-math/2.1/commons-math-2.1.jar:/Users/stephaniechoo/.m2/repository/commons-configuration/commons-configuration/1.6/commons-configuration-1.6.jar:/Users/stephaniechoo/.m2/repository/commons-collections/commons-collections/3.2.1/commons-collections-3.2.1.jar:/Users/stephaniechoo/.m2/repository/commons-lang/commons-lang/2.4/commons-lang-2.4.jar:/Users/stephaniechoo/.m2/repository/commons-digester/commons-digester/1.8/commons-digester-1.8.jar:/Users/stephaniechoo/.m2/repository/commons-beanutils/commons-beanutils/1.7.0/commons-beanutils-1.7.0.jar:/Users/stephaniechoo/.m2/repository/commons-beanutils/commons-beanutils-core/1.8.0/commons-beanutils-core-1.8.0.jar:/Users/stephaniechoo/.m2/repository/commons-net/commons-net/1.4.1/commons-net-1.4.1.jar:/Users/stephaniechoo/.m2/repository/org/mortbay/jetty/jetty/6.1.26/jetty-6.1.26.jar:/Users/stephaniechoo/.m2/repository/org/mortbay/jetty/servlet-api/2.5-20081211/servlet-api-2.5-20081211.jar:/Users/stephaniechoo/.m2/repository/org/mortbay/jetty/jetty-util/6.1.26/jetty-util-6.1.26.jar:/Users/stephaniechoo/.m2/repository/tomcat/jasper-runtime/5.5.12/jasper-runtime-5.5.12.jar:/Users/stephaniechoo/.m2/repository/tomcat/jasper-compiler/5.5.12/jasper-compiler-5.5.12.jar:/Users/stephaniechoo/.m2/repository/org/mortbay/jetty/jsp-api-2.1/6.1.14/jsp-api-2.1-6.1.14.jar:/Users/stephaniechoo/.m2/repository/org/mortbay/jetty/servlet-api-2.5/6.1.14/servlet-api-2.5-6.1.14.jar:/Users/stephaniechoo/.m2/repository/org/mortbay/jetty/jsp-2.1/6.1.14/jsp-2.1-6.1.14.jar:/Users/stephaniechoo/.m2/repository/ant/ant/1.6.5/ant-1.6.5.jar:/Users/stephaniechoo/.m2/repository/commons-el/commons-el/1.0/commons-el-1.0.jar:/Users/stephaniechoo/.m2/repository/net/java/dev/jets3t/jets3t/0.6.1/jets3t-0.6.1.jar:/Users/stephaniechoo/.m2/repository/hsqldb/hsqldb/1.8.0.10/hsqldb-1.8.0.10.jar:/Users/stephaniechoo/.m2/repository/oro/oro/2.0.8/oro-2.0.8.jar:/Users/stephaniechoo/.m2/repository/org/eclipse/jdt/core/3.1.1/core-3.1.1.jar:/Users/stephaniechoo/.m2/repository/org/codehaus/jackson/jackson-mapper-asl/1.8.8/jackson-mapper-asl-1.8.8.jar:/Users/stephaniechoo/.m2/repository/de/jungblut/math/tjungblut-math/1.3/tjungblut-math-1.3.jar:/Users/stephaniechoo/.m2/repository/com/google/guava/guava/17.0/guava-17.0.jar:/Users/stephaniechoo/.m2/repository/net/sf/trove4j/trove4j/3.0.2/trove4j-3.0.2.jar:/Users/stephaniechoo/.m2/repository/org/apache/commons/commons-math3/3.0/commons-math3-3.0.jar:/Users/stephaniechoo/.m2/repository/log4j/log4j/1.2.17/log4j-1.2.17.jar:"/>
    <property name="java.vm.vendor" value="Oracle Corporation"/>
    <property name="sun.arch.data.model" value="64"/>
    <property name="java.vendor.url" value="http://java.oracle.com/"/>
    <property name="user.timezone" value=""/>
    <property name="java.vm.specification.version" value="1.8"/>
    <property name="os.name" value="Mac OS X"/>
    <property name="user.country" value="AU"/>
    <property name="sun.java.launcher" value="SUN_STANDARD"/>
    <property name="sun.boot.library.path" value="/Library/Java/JavaVirtualMachines/jdk1.8.0_251.jdk/Contents/Home/jre/lib"/>
    <property name="sun.java.command" value="/Users/stephaniechoo/Documents/BigData2021/Task3Test/target/surefire/surefirebooter3430370268004952056.jar /Users/stephaniechoo/Documents/BigData2021/Task3Test/target/surefire 2021-09-23T17-17-53_587-jvmRun1 surefire4674451068457104388tmp surefire_01227172037541072344tmp"/>
    <property name="http.nonProxyHosts" value="local|*.local|169.254/16|*.169.254/16"/>
    <property name="surefire.test.class.path" value="/Users/stephaniechoo/Documents/BigData2021/Task3Test/target/test-classes:/Users/stephaniechoo/Documents/BigData2021/Task3Test/target/classes:/Users/stephaniechoo/.m2/repository/junit/junit/4.11/junit-4.11.jar:/Users/stephaniechoo/.m2/repository/org/hamcrest/hamcrest-core/1.3/hamcrest-core-1.3.jar:/Users/stephaniechoo/.m2/repository/org/apache/hadoop/hadoop-mapreduce-client-core/3.2.1/hadoop-mapreduce-client-core-3.2.1.jar:/Users/stephaniechoo/.m2/repository/org/apache/hadoop/hadoop-yarn-client/3.2.1/hadoop-yarn-client-3.2.1.jar:/Users/stephaniechoo/.m2/repository/commons-logging/commons-logging/1.1.3/commons-logging-1.1.3.jar:/Users/stephaniechoo/.m2/repository/org/apache/hadoop/hadoop-yarn-api/3.2.1/hadoop-yarn-api-3.2.1.jar:/Users/stephaniechoo/.m2/repository/org/apache/hadoop/hadoop-yarn-common/3.2.1/hadoop-yarn-common-3.2.1.jar:/Users/stephaniechoo/.m2/repository/org/apache/hadoop/hadoop-auth/3.2.1/hadoop-auth-3.2.1.jar:/Users/stephaniechoo/.m2/repository/org/apache/httpcomponents/httpclient/4.5.6/httpclient-4.5.6.jar:/Users/stephaniechoo/.m2/repository/org/apache/httpcomponents/httpcore/4.4.10/httpcore-4.4.10.jar:/Users/stephaniechoo/.m2/repository/com/nimbusds/nimbus-jose-jwt/4.41.1/nimbus-jose-jwt-4.41.1.jar:/Users/stephaniechoo/.m2/repository/com/github/stephenc/jcip/jcip-annotations/1.0-1/jcip-annotations-1.0-1.jar:/Users/stephaniechoo/.m2/repository/net/minidev/json-smart/2.3/json-smart-2.3.jar:/Users/stephaniechoo/.m2/repository/net/minidev/accessors-smart/1.2/accessors-smart-1.2.jar:/Users/stephaniechoo/.m2/repository/org/ow2/asm/asm/5.0.4/asm-5.0.4.jar:/Users/stephaniechoo/.m2/repository/org/apache/zookeeper/zookeeper/3.4.13/zookeeper-3.4.13.jar:/Users/stephaniechoo/.m2/repository/org/apache/yetus/audience-annotations/0.5.0/audience-annotations-0.5.0.jar:/Users/stephaniechoo/.m2/repository/org/apache/curator/curator-framework/2.13.0/curator-framework-2.13.0.jar:/Users/stephaniechoo/.m2/repository/org/apache/curator/curator-client/2.13.0/curator-client-2.13.0.jar:/Users/stephaniechoo/.m2/repository/org/apache/kerby/kerb-simplekdc/1.0.1/kerb-simplekdc-1.0.1.jar:/Users/stephaniechoo/.m2/repository/org/apache/kerby/kerb-client/1.0.1/kerb-client-1.0.1.jar:/Users/stephaniechoo/.m2/repository/org/apache/kerby/kerby-config/1.0.1/kerby-config-1.0.1.jar:/Users/stephaniechoo/.m2/repository/org/apache/kerby/kerb-core/1.0.1/kerb-core-1.0.1.jar:/Users/stephaniechoo/.m2/repository/org/apache/kerby/kerby-pkix/1.0.1/kerby-pkix-1.0.1.jar:/Users/stephaniechoo/.m2/repository/org/apache/kerby/kerby-asn1/1.0.1/kerby-asn1-1.0.1.jar:/Users/stephaniechoo/.m2/repository/org/apache/kerby/kerby-util/1.0.1/kerby-util-1.0.1.jar:/Users/stephaniechoo/.m2/repository/org/apache/kerby/kerb-common/1.0.1/kerb-common-1.0.1.jar:/Users/stephaniechoo/.m2/repository/org/apache/kerby/kerb-crypto/1.0.1/kerb-crypto-1.0.1.jar:/Users/stephaniechoo/.m2/repository/org/apache/kerby/kerb-util/1.0.1/kerb-util-1.0.1.jar:/Users/stephaniechoo/.m2/repository/org/apache/kerby/token-provider/1.0.1/token-provider-1.0.1.jar:/Users/stephaniechoo/.m2/repository/org/apache/kerby/kerb-admin/1.0.1/kerb-admin-1.0.1.jar:/Users/stephaniechoo/.m2/repository/org/apache/kerby/kerb-server/1.0.1/kerb-server-1.0.1.jar:/Users/stephaniechoo/.m2/repository/org/apache/kerby/kerb-identity/1.0.1/kerb-identity-1.0.1.jar:/Users/stephaniechoo/.m2/repository/org/apache/kerby/kerby-xdr/1.0.1/kerby-xdr-1.0.1.jar:/Users/stephaniechoo/.m2/repository/javax/xml/bind/jaxb-api/2.2.11/jaxb-api-2.2.11.jar:/Users/stephaniechoo/.m2/repository/org/apache/commons/commons-compress/1.18/commons-compress-1.18.jar:/Users/stephaniechoo/.m2/repository/javax/servlet/javax.servlet-api/3.1.0/javax.servlet-api-3.1.0.jar:/Users/stephaniechoo/.m2/repository/org/eclipse/jetty/jetty-util/9.3.24.v20180605/jetty-util-9.3.24.v20180605.jar:/Users/stephaniechoo/.m2/repository/com/sun/jersey/jersey-client/1.19/jersey-client-1.19.jar:/Users/stephaniechoo/.m2/repository/com/google/inject/guice/4.0/guice-4.0.jar:/Users/stephaniechoo/.m2/repository/javax/inject/javax.inject/1/javax.inject-1.jar:/Users/stephaniechoo/.m2/repository/aopalliance/aopalliance/1.0/aopalliance-1.0.jar:/Users/stephaniechoo/.m2/repository/com/sun/jersey/contribs/jersey-guice/1.19/jersey-guice-1.19.jar:/Users/stephaniechoo/.m2/repository/com/sun/jersey/jersey-servlet/1.19/jersey-servlet-1.19.jar:/Users/stephaniechoo/.m2/repository/com/fasterxml/jackson/core/jackson-core/2.9.8/jackson-core-2.9.8.jar:/Users/stephaniechoo/.m2/repository/com/fasterxml/jackson/module/jackson-module-jaxb-annotations/2.9.8/jackson-module-jaxb-annotations-2.9.8.jar:/Users/stephaniechoo/.m2/repository/com/fasterxml/jackson/jaxrs/jackson-jaxrs-json-provider/2.9.8/jackson-jaxrs-json-provider-2.9.8.jar:/Users/stephaniechoo/.m2/repository/com/fasterxml/jackson/jaxrs/jackson-jaxrs-base/2.9.8/jackson-jaxrs-base-2.9.8.jar:/Users/stephaniechoo/.m2/repository/org/apache/hadoop/hadoop-hdfs-client/3.2.1/hadoop-hdfs-client-3.2.1.jar:/Users/stephaniechoo/.m2/repository/com/squareup/okhttp/okhttp/2.7.5/okhttp-2.7.5.jar:/Users/stephaniechoo/.m2/repository/com/squareup/okio/okio/1.6.0/okio-1.6.0.jar:/Users/stephaniechoo/.m2/repository/com/fasterxml/jackson/core/jackson-annotations/2.9.8/jackson-annotations-2.9.8.jar:/Users/stephaniechoo/.m2/repository/com/fasterxml/jackson/core/jackson-databind/2.9.8/jackson-databind-2.9.8.jar:/Users/stephaniechoo/.m2/repository/com/google/protobuf/protobuf-java/2.5.0/protobuf-java-2.5.0.jar:/Users/stephaniechoo/.m2/repository/org/apache/avro/avro/1.7.7/avro-1.7.7.jar:/Users/stephaniechoo/.m2/repository/org/codehaus/jackson/jackson-core-asl/1.9.13/jackson-core-asl-1.9.13.jar:/Users/stephaniechoo/.m2/repository/com/thoughtworks/paranamer/paranamer/2.3/paranamer-2.3.jar:/Users/stephaniechoo/.m2/repository/org/xerial/snappy/snappy-java/1.0.5/snappy-java-1.0.5.jar:/Users/stephaniechoo/.m2/repository/org/slf4j/slf4j-api/1.7.25/slf4j-api-1.7.25.jar:/Users/stephaniechoo/.m2/repository/org/slf4j/slf4j-log4j12/1.7.25/slf4j-log4j12-1.7.25.jar:/Users/stephaniechoo/.m2/repository/org/apache/hadoop/hadoop-annotations/3.2.1/hadoop-annotations-3.2.1.jar:/Library/Java/JavaVirtualMachines/jdk1.8.0_251.jdk/Contents/Home/jre/../lib/tools.jar:/Users/stephaniechoo/.m2/repository/com/google/inject/extensions/guice-servlet/4.0/guice-servlet-4.0.jar:/Users/stephaniechoo/.m2/repository/io/netty/netty/3.10.5.Final/netty-3.10.5.Final.jar:/Users/stephaniechoo/.m2/repository/org/apache/hadoop/hadoop-core/1.2.1/hadoop-core-1.2.1.jar:/Users/stephaniechoo/.m2/repository/commons-cli/commons-cli/1.2/commons-cli-1.2.jar:/Users/stephaniechoo/.m2/repository/xmlenc/xmlenc/0.52/xmlenc-0.52.jar:/Users/stephaniechoo/.m2/repository/com/sun/jersey/jersey-core/1.8/jersey-core-1.8.jar:/Users/stephaniechoo/.m2/repository/com/sun/jersey/jersey-json/1.8/jersey-json-1.8.jar:/Users/stephaniechoo/.m2/repository/org/codehaus/jettison/jettison/1.1/jettison-1.1.jar:/Users/stephaniechoo/.m2/repository/stax/stax-api/1.0.1/stax-api-1.0.1.jar:/Users/stephaniechoo/.m2/repository/com/sun/xml/bind/jaxb-impl/2.2.3-1/jaxb-impl-2.2.3-1.jar:/Users/stephaniechoo/.m2/repository/org/codehaus/jackson/jackson-jaxrs/1.7.1/jackson-jaxrs-1.7.1.jar:/Users/stephaniechoo/.m2/repository/org/codehaus/jackson/jackson-xc/1.7.1/jackson-xc-1.7.1.jar:/Users/stephaniechoo/.m2/repository/com/sun/jersey/jersey-server/1.8/jersey-server-1.8.jar:/Users/stephaniechoo/.m2/repository/asm/asm/3.1/asm-3.1.jar:/Users/stephaniechoo/.m2/repository/commons-io/commons-io/2.1/commons-io-2.1.jar:/Users/stephaniechoo/.m2/repository/commons-httpclient/commons-httpclient/3.0.1/commons-httpclient-3.0.1.jar:/Users/stephaniechoo/.m2/repository/commons-codec/commons-codec/1.4/commons-codec-1.4.jar:/Users/stephaniechoo/.m2/repository/org/apache/commons/commons-math/2.1/commons-math-2.1.jar:/Users/stephaniechoo/.m2/repository/commons-configuration/commons-configuration/1.6/commons-configuration-1.6.jar:/Users/stephaniechoo/.m2/repository/commons-collections/commons-collections/3.2.1/commons-collections-3.2.1.jar:/Users/stephaniechoo/.m2/repository/commons-lang/commons-lang/2.4/commons-lang-2.4.jar:/Users/stephaniechoo/.m2/repository/commons-digester/commons-digester/1.8/commons-digester-1.8.jar:/Users/stephaniechoo/.m2/repository/commons-beanutils/commons-beanutils/1.7.0/commons-beanutils-1.7.0.jar:/Users/stephaniechoo/.m2/repository/commons-beanutils/commons-beanutils-core/1.8.0/commons-beanutils-core-1.8.0.jar:/Users/stephaniechoo/.m2/repository/commons-net/commons-net/1.4.1/commons-net-1.4.1.jar:/Users/stephaniechoo/.m2/repository/org/mortbay/jetty/jetty/6.1.26/jetty-6.1.26.jar:/Users/stephaniechoo/.m2/repository/org/mortbay/jetty/servlet-api/2.5-20081211/servlet-api-2.5-20081211.jar:/Users/stephaniechoo/.m2/repository/org/mortbay/jetty/jetty-util/6.1.26/jetty-util-6.1.26.jar:/Users/stephaniechoo/.m2/repository/tomcat/jasper-runtime/5.5.12/jasper-runtime-5.5.12.jar:/Users/stephaniechoo/.m2/repository/tomcat/jasper-compiler/5.5.12/jasper-compiler-5.5.12.jar:/Users/stephaniechoo/.m2/repository/org/mortbay/jetty/jsp-api-2.1/6.1.14/jsp-api-2.1-6.1.14.jar:/Users/stephaniechoo/.m2/repository/org/mortbay/jetty/servlet-api-2.5/6.1.14/servlet-api-2.5-6.1.14.jar:/Users/stephaniechoo/.m2/repository/org/mortbay/jetty/jsp-2.1/6.1.14/jsp-2.1-6.1.14.jar:/Users/stephaniechoo/.m2/repository/ant/ant/1.6.5/ant-1.6.5.jar:/Users/stephaniechoo/.m2/repository/commons-el/commons-el/1.0/commons-el-1.0.jar:/Users/stephaniechoo/.m2/repository/net/java/dev/jets3t/jets3t/0.6.1/jets3t-0.6.1.jar:/Users/stephaniechoo/.m2/repository/hsqldb/hsqldb/1.8.0.10/hsqldb-1.8.0.10.jar:/Users/stephaniechoo/.m2/repository/oro/oro/2.0.8/oro-2.0.8.jar:/Users/stephaniechoo/.m2/repository/org/eclipse/jdt/core/3.1.1/core-3.1.1.jar:/Users/stephaniechoo/.m2/repository/org/codehaus/jackson/jackson-mapper-asl/1.8.8/jackson-mapper-asl-1.8.8.jar:/Users/stephaniechoo/.m2/repository/de/jungblut/math/tjungblut-math/1.3/tjungblut-math-1.3.jar:/Users/stephaniechoo/.m2/repository/com/google/guava/guava/17.0/guava-17.0.jar:/Users/stephaniechoo/.m2/repository/net/sf/trove4j/trove4j/3.0.2/trove4j-3.0.2.jar:/Users/stephaniechoo/.m2/repository/org/apache/commons/commons-math3/3.0/commons-math3-3.0.jar:/Users/stephaniechoo/.m2/repository/log4j/log4j/1.2.17/log4j-1.2.17.jar:"/>
    <property name="sun.cpu.endian" value="little"/>
    <property name="user.home" value="/Users/stephaniechoo"/>
    <property name="user.language" value="en"/>
    <property name="java.specification.vendor" value="Oracle Corporation"/>
    <property name="java.home" value="/Library/Java/JavaVirtualMachines/jdk1.8.0_251.jdk/Contents/Home/jre"/>
    <property name="basedir" value="/Users/stephaniechoo/Documents/BigData2021/Task3Test"/>
    <property name="file.separator" value="/"/>
    <property name="line.separator" value="&#10;"/>
    <property name="java.vm.specification.vendor" value="Oracle Corporation"/>
    <property name="java.specification.name" value="Java Platform API Specification"/>
    <property name="java.awt.graphicsenv" value="sun.awt.CGraphicsEnvironment"/>
    <property name="surefire.real.class.path" value="/Users/stephaniechoo/Documents/BigData2021/Task3Test/target/surefire/surefirebooter3430370268004952056.jar"/>
    <property name="sun.boot.class.path" value="/Library/Java/JavaVirtualMachines/jdk1.8.0_251.jdk/Contents/Home/jre/lib/resources.jar:/Library/Java/JavaVirtualMachines/jdk1.8.0_251.jdk/Contents/Home/jre/lib/rt.jar:/Library/Java/JavaVirtualMachines/jdk1.8.0_251.jdk/Contents/Home/jre/lib/sunrsasign.jar:/Library/Java/JavaVirtualMachines/jdk1.8.0_251.jdk/Contents/Home/jre/lib/jsse.jar:/Library/Java/JavaVirtualMachines/jdk1.8.0_251.jdk/Contents/Home/jre/lib/jce.jar:/Library/Java/JavaVirtualMachines/jdk1.8.0_251.jdk/Contents/Home/jre/lib/charsets.jar:/Library/Java/JavaVirtualMachines/jdk1.8.0_251.jdk/Contents/Home/jre/lib/jfr.jar:/Library/Java/JavaVirtualMachines/jdk1.8.0_251.jdk/Contents/Home/jre/classes"/>
    <property name="sun.management.compiler" value="HotSpot 64-Bit Tiered Compilers"/>
    <property name="ftp.nonProxyHosts" value="local|*.local|169.254/16|*.169.254/16"/>
    <property name="java.runtime.version" value="1.8.0_251-b08"/>
    <property name="user.name" value="stephaniechoo"/>
    <property name="path.separator" value=":"/>
    <property name="os.version" value="10.16"/>
    <property name="java.endorsed.dirs" value="/Library/Java/JavaVirtualMachines/jdk1.8.0_251.jdk/Contents/Home/jre/lib/endorsed"/>
    <property name="java.runtime.name" value="Java(TM) SE Runtime Environment"/>
    <property name="file.encoding" value="UTF-8"/>
    <property name="java.vm.name" value="Java HotSpot(TM) 64-Bit Server VM"/>
    <property name="localRepository" value="/Users/stephaniechoo/.m2/repository"/>
    <property name="java.vendor.url.bug" value="http://bugreport.sun.com/bugreport/"/>
    <property name="java.io.tmpdir" value="/var/folders/s_/v7wxdtq15cn78318xxrwj78c0000gn/T/"/>
    <property name="java.version" value="1.8.0_251"/>
    <property name="user.dir" value="/Users/stephaniechoo/Documents/BigData2021/Task3Test"/>
    <property name="os.arch" value="x86_64"/>
    <property name="java.vm.specification.name" value="Java Virtual Machine Specification"/>
    <property name="java.awt.printerjob" value="sun.lwawt.macosx.CPrinterJob"/>
    <property name="sun.os.patch.level" value="unknown"/>
    <property name="java.library.path" value="/Users/stephaniechoo/Library/Java/Extensions:/Library/Java/Extensions:/Network/Library/Java/Extensions:/System/Library/Java/Extensions:/usr/lib/java:."/>
    <property name="java.vm.info" value="mixed mode"/>
    <property name="java.vendor" value="Oracle Corporation"/>
    <property name="java.vm.version" value="25.251-b08"/>
    <property name="java.ext.dirs" value="/Users/stephaniechoo/Library/Java/Extensions:/Library/Java/JavaVirtualMachines/jdk1.8.0_251.jdk/Contents/Home/jre/lib/ext:/Library/Java/Extensions:/Network/Library/Java/Extensions:/System/Library/Java/Extensions:/usr/lib/java"/>
    <property name="sun.io.unicode.encoding" value="UnicodeBig"/>
    <property name="java.class.version" value="52.0"/>
    <property name="socksNonProxyHosts" value="local|*.local|169.254/16|*.169.254/16"/>
  </properties>
  <testcase name="shouldAnswerWithTrue" classname="edu.rmit.cosc2367.s3846487.assign2TestBuild.AppTest" time="0.003"/>
</testsuite>